<?xml version="1.0" encoding="UTF-8"?>
<!-- Generated by org.testng.reporters.JUnitXMLReporter -->
<testsuite hostname="Kash-HP" ignored="0" name="Surefire test" tests="10" failures="6" timestamp="2020-03-25T11:18:15 GMT" time="321.373" errors="0">
  <testcase name="RegisteredUserShouldBeAbleToReferAFriendSuccessfully" time="24.449" classname="WebTest.TestSuit"/>
  <testcase name="UserShouldAbleToRegisterSuccessfully" time="55.693" classname="WebTest.TestSuit">
    <failure type="org.openqa.selenium.NoSuchElementException" message="no such element: Unable to locate element: {&amp;quot;method&amp;quot;:&amp;quot;css selector&amp;quot;,&amp;quot;selector&amp;quot;:&amp;quot;.result&amp;quot;}
  (Session info: chrome=80.0.3987.149)
For documentation on this error, please visit: https://www.seleniumhq.org/exceptions/no_such_element.html
Build info: version: &amp;apos;3.141.59&amp;apos;, revision: &amp;apos;e82be7d358&amp;apos;, time: &amp;apos;2018-11-14T08:17:03&amp;apos;
System info: host: &amp;apos;KASH-HP&amp;apos;, ip: &amp;apos;192.168.0.16&amp;apos;, os.name: &amp;apos;Windows 7&amp;apos;, os.arch: &amp;apos;amd64&amp;apos;, os.version: &amp;apos;6.1&amp;apos;, java.version: &amp;apos;1.8.0_221&amp;apos;
Driver info: org.openqa.selenium.chrome.ChromeDriver
Capabilities {acceptInsecureCerts: false, browserName: chrome, browserVersion: 80.0.3987.149, chrome: {chromedriverVersion: 80.0.3987.106 (f68069574609..., userDataDir: C:\Users\Kash\AppData\Local...}, goog:chromeOptions: {debuggerAddress: localhost:49557}, javascriptEnabled: true, networkConnectionEnabled: false, pageLoadStrategy: normal, platform: WINDOWS, platformName: WINDOWS, proxy: Proxy(), setWindowRect: true, strictFileInteractability: false, timeouts: {implicit: 0, pageLoad: 300000, script: 30000}, unhandledPromptBehavior: dismiss and notify}
Session ID: d7395fb9954c3b7785581f33fdbed92a
*** Element info: {Using=class name, value=result}">
      <![CDATA[org.openqa.selenium.NoSuchElementException: no such element: Unable to locate element: {"method":"css selector","selector":".result"}
  (Session info: chrome=80.0.3987.149)
For documentation on this error, please visit: https://www.seleniumhq.org/exceptions/no_such_element.html
Build info: version: '3.141.59', revision: 'e82be7d358', time: '2018-11-14T08:17:03'
System info: host: 'KASH-HP', ip: '192.168.0.16', os.name: 'Windows 7', os.arch: 'amd64', os.version: '6.1', java.version: '1.8.0_221'
Driver info: org.openqa.selenium.chrome.ChromeDriver
Capabilities {acceptInsecureCerts: false, browserName: chrome, browserVersion: 80.0.3987.149, chrome: {chromedriverVersion: 80.0.3987.106 (f68069574609..., userDataDir: C:\Users\Kash\AppData\Local...}, goog:chromeOptions: {debuggerAddress: localhost:49557}, javascriptEnabled: true, networkConnectionEnabled: false, pageLoadStrategy: normal, platform: WINDOWS, platformName: WINDOWS, proxy: Proxy(), setWindowRect: true, strictFileInteractability: false, timeouts: {implicit: 0, pageLoad: 300000, script: 30000}, unhandledPromptBehavior: dismiss and notify}
Session ID: d7395fb9954c3b7785581f33fdbed92a
*** Element info: {Using=class name, value=result}
at org.openqa.selenium.remote.http.W3CHttpResponseCodec.createException(W3CHttpResponseCodec.java:187)
at org.openqa.selenium.remote.http.W3CHttpResponseCodec.decode(W3CHttpResponseCodec.java:122)
at org.openqa.selenium.remote.http.W3CHttpResponseCodec.decode(W3CHttpResponseCodec.java:49)
at org.openqa.selenium.remote.HttpCommandExecutor.execute(HttpCommandExecutor.java:158)
at org.openqa.selenium.remote.service.DriverCommandExecutor.execute(DriverCommandExecutor.java:83)
at org.openqa.selenium.remote.RemoteWebDriver.execute(RemoteWebDriver.java:552)
at org.openqa.selenium.remote.RemoteWebDriver.findElement(RemoteWebDriver.java:323)
at org.openqa.selenium.remote.RemoteWebDriver.findElementByClassName(RemoteWebDriver.java:412)
at org.openqa.selenium.By$ByClassName.findElement(By.java:389)
at org.openqa.selenium.remote.RemoteWebDriver.findElement(RemoteWebDriver.java:315)
at WebTest.Utils.getTextFromElement(Utils.java:30)
at WebTest.Utils.assertTextMessage(Utils.java:81)
at WebTest.RegistrationResultPage.VerifyUserRegistrationSuccessMessage(RegistrationResultPage.java:12)
at WebTest.TestSuit.UserShouldAbleToRegisterSuccessfully(TestSuit.java:37)
at java.util.ArrayList.forEach(ArrayList.java:1257)
... Removed 36 stack frames]]>
    </failure>
  </testcase> <!-- UserShouldAbleToRegisterSuccessfully -->
  <testcase name="UserShouldBeAbleToCompareTwoDifferentProductsSuccessfully" time="16.224" classname="WebTest.TestSuit">
    <failure type="java.lang.AssertionError" message="Compare products expected [compare products] but found [page not found]">
      <![CDATA[java.lang.AssertionError: Compare products expected [compare products] but found [page not found]
at WebTest.Utils.assertTextMessage(Utils.java:82)
at WebTest.ProductComparison.VerifyUserIsOnComparisionPage(ProductComparison.java:10)
at WebTest.TestSuit.UserShouldBeAbleToCompareTwoDifferentProductsSuccessfully(TestSuit.java:49)
at java.util.ArrayList.forEach(ArrayList.java:1257)
... Removed 36 stack frames]]>
    </failure>
  </testcase> <!-- UserShouldBeAbleToCompareTwoDifferentProductsSuccessfully -->
  <testcase name="UserShouldBeAbleToSortProductHighToLowByPrice" time="6.192" classname="WebTest.TestSuit"/>
  <testcase name="guestUserShouldBeAbleToCheckoutSuccessfully" time="102.087" classname="WebTest.TestSuit">
    <failure type="org.openqa.selenium.NoSuchElementException" message="no such element: Unable to locate element: {&amp;quot;method&amp;quot;:&amp;quot;xpath&amp;quot;,&amp;quot;selector&amp;quot;:&amp;quot;//strong[contains(text(),&amp;apos;processed&amp;apos;)]&amp;quot;}
  (Session info: chrome=80.0.3987.149)
For documentation on this error, please visit: https://www.seleniumhq.org/exceptions/no_such_element.html
Build info: version: &amp;apos;3.141.59&amp;apos;, revision: &amp;apos;e82be7d358&amp;apos;, time: &amp;apos;2018-11-14T08:17:03&amp;apos;
System info: host: &amp;apos;KASH-HP&amp;apos;, ip: &amp;apos;192.168.0.16&amp;apos;, os.name: &amp;apos;Windows 7&amp;apos;, os.arch: &amp;apos;amd64&amp;apos;, os.version: &amp;apos;6.1&amp;apos;, java.version: &amp;apos;1.8.0_221&amp;apos;
Driver info: org.openqa.selenium.chrome.ChromeDriver
Capabilities {acceptInsecureCerts: false, browserName: chrome, browserVersion: 80.0.3987.149, chrome: {chromedriverVersion: 80.0.3987.106 (f68069574609..., userDataDir: C:\Users\Kash\AppData\Local...}, goog:chromeOptions: {debuggerAddress: localhost:49653}, javascriptEnabled: true, networkConnectionEnabled: false, pageLoadStrategy: normal, platform: WINDOWS, platformName: WINDOWS, proxy: Proxy(), setWindowRect: true, strictFileInteractability: false, timeouts: {implicit: 0, pageLoad: 300000, script: 30000}, unhandledPromptBehavior: dismiss and notify}
Session ID: e0cb4110ef291e76d0be2676c7f969c3
*** Element info: {Using=xpath, value=//strong[contains(text(),&amp;apos;processed&amp;apos;)]}">
      <![CDATA[org.openqa.selenium.NoSuchElementException: no such element: Unable to locate element: {"method":"xpath","selector":"//strong[contains(text(),'processed')]"}
  (Session info: chrome=80.0.3987.149)
For documentation on this error, please visit: https://www.seleniumhq.org/exceptions/no_such_element.html
Build info: version: '3.141.59', revision: 'e82be7d358', time: '2018-11-14T08:17:03'
System info: host: 'KASH-HP', ip: '192.168.0.16', os.name: 'Windows 7', os.arch: 'amd64', os.version: '6.1', java.version: '1.8.0_221'
Driver info: org.openqa.selenium.chrome.ChromeDriver
Capabilities {acceptInsecureCerts: false, browserName: chrome, browserVersion: 80.0.3987.149, chrome: {chromedriverVersion: 80.0.3987.106 (f68069574609..., userDataDir: C:\Users\Kash\AppData\Local...}, goog:chromeOptions: {debuggerAddress: localhost:49653}, javascriptEnabled: true, networkConnectionEnabled: false, pageLoadStrategy: normal, platform: WINDOWS, platformName: WINDOWS, proxy: Proxy(), setWindowRect: true, strictFileInteractability: false, timeouts: {implicit: 0, pageLoad: 300000, script: 30000}, unhandledPromptBehavior: dismiss and notify}
Session ID: e0cb4110ef291e76d0be2676c7f969c3
*** Element info: {Using=xpath, value=//strong[contains(text(),'processed')]}
at org.openqa.selenium.remote.http.W3CHttpResponseCodec.createException(W3CHttpResponseCodec.java:187)
at org.openqa.selenium.remote.http.W3CHttpResponseCodec.decode(W3CHttpResponseCodec.java:122)
at org.openqa.selenium.remote.http.W3CHttpResponseCodec.decode(W3CHttpResponseCodec.java:49)
at org.openqa.selenium.remote.HttpCommandExecutor.execute(HttpCommandExecutor.java:158)
at org.openqa.selenium.remote.service.DriverCommandExecutor.execute(DriverCommandExecutor.java:83)
at org.openqa.selenium.remote.RemoteWebDriver.execute(RemoteWebDriver.java:552)
at org.openqa.selenium.remote.RemoteWebDriver.findElement(RemoteWebDriver.java:323)
at org.openqa.selenium.remote.RemoteWebDriver.findElementByXPath(RemoteWebDriver.java:428)
at org.openqa.selenium.By$ByXPath.findElement(By.java:353)
at org.openqa.selenium.remote.RemoteWebDriver.findElement(RemoteWebDriver.java:315)
at WebTest.Utils.clickOnElement(Utils.java:23)
at WebTest.CheckoutResult.verifyCheckoutSuccessMessage(CheckoutResult.java:17)
at WebTest.TestSuit.guestUserShouldBeAbleToCheckoutSuccessfully(TestSuit.java:129)
at java.util.ArrayList.forEach(ArrayList.java:1257)
... Removed 36 stack frames]]>
    </failure>
  </testcase> <!-- guestUserShouldBeAbleToCheckoutSuccessfully -->
  <testcase name="nonRegisterUserShouldNotBeAbleToReferAProductToAFriend" time="11.322" classname="WebTest.TestSuit"/>
  <testcase name="userShouldBeAbleToAddNewCommentOnNopCommerceWeb" time="11.595" classname="WebTest.TestSuit"/>
  <testcase name="userShouldBeAbleToVerifyCurrencyChange" time="2.512" classname="WebTest.TestSuit">
    <failure type="java.lang.AssertionError" message="The following asserts failed:
	$ not foundЂ1032.00 expected [true] but found [false],
	$ not foundЂ1548.00 expected [true] but found [false],
	$ not foundЂ210.70 expected [true] but found [false],
	$ not foundЂ21.50 expected [true] but found [false]">
      <![CDATA[java.lang.AssertionError: The following asserts failed:
$ not foundЂ1032.00 expected [true] but found [false],
$ not foundЂ1548.00 expected [true] but found [false],
$ not foundЂ210.70 expected [true] but found [false],
$ not foundЂ21.50 expected [true] but found [false]
at WebTest.ChangeCurrency.verifyCurrencyChangeFromUsDollarToEuro(ChangeCurrency.java:34)
at WebTest.TestSuit.userShouldBeAbleToVerifyCurrencyChange(TestSuit.java:143)
at java.util.ArrayList.forEach(ArrayList.java:1257)
... Removed 34 stack frames]]>
    </failure>
  </testcase> <!-- userShouldBeAbleToVerifyCurrencyChange -->
  <testcase name="verifyAddToCartButtonIsPresentInAllFeaturedProducts" time="0.052" classname="WebTest.TestSuit">
    <failure type="java.lang.AssertionError" message="Some of items does not have ADD TO CART button expected [4] but found [1]">
      <![CDATA[java.lang.AssertionError: Some of items does not have ADD TO CART button expected [4] but found [1]
at WebTest.HomePage.checkAddtoCartButtonOnAllProducts(HomePage.java:53)
at WebTest.TestSuit.verifyAddToCartButtonIsPresentInAllFeaturedProducts(TestSuit.java:151)
at java.util.ArrayList.forEach(ArrayList.java:1257)
... Removed 36 stack frames]]>
    </failure>
  </testcase> <!-- verifyAddToCartButtonIsPresentInAllFeaturedProducts -->
  <testcase name="verifyAddToCompareButtonForEachProduct" time="0.082" classname="WebTest.TestSuit">
    <failure type="java.lang.AssertionError" message="£ not found  expected [true] but found [false]">
      <![CDATA[java.lang.AssertionError: £ not found  expected [true] but found [false]
at WebTest.TestSuit.verifyAddToCompareButtonForEachProduct(TestSuit.java:110)
at java.util.ArrayList.forEach(ArrayList.java:1257)
... Removed 35 stack frames]]>
    </failure>
  </testcase> <!-- verifyAddToCompareButtonForEachProduct -->
</testsuite> <!-- Surefire test -->
